2023-03-23 11:36:44.223  INFO 14120 --- [restartedMain] c.example.project2.Project2Application   : Starting Project2Application using Java 1.8.0_45 on LONG with PID 14120 (C:\Users\lehoa\eclipse-workspace\project2\target\classes started by lehoa in C:\Users\lehoa\eclipse-workspace\project2)
2023-03-23 11:36:44.234  INFO 14120 --- [restartedMain] c.example.project2.Project2Application   : No active profile set, falling back to 1 default profile: "default"
2023-03-23 11:36:44.707  INFO 14120 --- [restartedMain] .e.DevToolsPropertyDefaultsPostProcessor : Devtools property defaults active! Set 'spring.devtools.add-properties' to 'false' to disable
2023-03-23 11:36:44.707  INFO 14120 --- [restartedMain] .e.DevToolsPropertyDefaultsPostProcessor : For additional web related logging consider setting the 'logging.level.web' property to 'DEBUG'
2023-03-23 11:36:45.986  INFO 14120 --- [restartedMain] .s.d.r.c.RepositoryConfigurationDelegate : Bootstrapping Spring Data JPA repositories in DEFAULT mode.
2023-03-23 11:36:46.086  INFO 14120 --- [restartedMain] .s.d.r.c.RepositoryConfigurationDelegate : Finished Spring Data repository scanning in 86 ms. Found 6 JPA repository interfaces.
2023-03-23 11:36:47.932  INFO 14120 --- [restartedMain] o.s.b.w.embedded.tomcat.TomcatWebServer  : Tomcat initialized with port(s): 8081 (http)
2023-03-23 11:36:47.949  INFO 14120 --- [restartedMain] o.apache.catalina.core.StandardService   : Starting service [Tomcat]
2023-03-23 11:36:47.949  INFO 14120 --- [restartedMain] org.apache.catalina.core.StandardEngine  : Starting Servlet engine: [Apache Tomcat/9.0.71]
2023-03-23 11:36:48.120  INFO 14120 --- [restartedMain] o.a.c.c.C.[Tomcat].[localhost].[/]       : Initializing Spring embedded WebApplicationContext
2023-03-23 11:36:48.121  INFO 14120 --- [restartedMain] w.s.c.ServletWebServerApplicationContext : Root WebApplicationContext: initialization completed in 3411 ms
2023-03-23 11:36:48.443  INFO 14120 --- [restartedMain] com.zaxxer.hikari.HikariDataSource       : HikariPool-1 - Starting...
2023-03-23 11:36:48.926  INFO 14120 --- [restartedMain] com.zaxxer.hikari.HikariDataSource       : HikariPool-1 - Start completed.
2023-03-23 11:36:48.999  INFO 14120 --- [restartedMain] o.hibernate.jpa.internal.util.LogHelper  : HHH000204: Processing PersistenceUnitInfo [name: default]
2023-03-23 11:36:49.107  INFO 14120 --- [restartedMain] org.hibernate.Version                    : HHH000412: Hibernate ORM core version 5.6.15.Final
2023-03-23 11:36:49.419  INFO 14120 --- [restartedMain] o.hibernate.annotations.common.Version   : HCANN000001: Hibernate Commons Annotations {5.1.2.Final}
2023-03-23 11:36:49.614  INFO 14120 --- [restartedMain] org.hibernate.dialect.Dialect            : HHH000400: Using dialect: org.hibernate.dialect.MySQL8Dialect
2023-03-23 11:36:51.197  INFO 14120 --- [restartedMain] o.h.e.t.j.p.i.JtaPlatformInitiator       : HHH000490: Using JtaPlatform implementation: [org.hibernate.engine.transaction.jta.platform.internal.NoJtaPlatform]
2023-03-23 11:36:51.215  INFO 14120 --- [restartedMain] j.LocalContainerEntityManagerFactoryBean : Initialized JPA EntityManagerFactory for persistence unit 'default'
2023-03-23 11:36:52.950  WARN 14120 --- [restartedMain] JpaBaseConfiguration$JpaWebConfiguration : spring.jpa.open-in-view is enabled by default. Therefore, database queries may be performed during view rendering. Explicitly configure spring.jpa.open-in-view to disable this warning
2023-03-23 11:36:54.712  INFO 14120 --- [restartedMain] o.s.b.d.a.OptionalLiveReloadServer       : LiveReload server is running on port 35729
2023-03-23 11:36:54.776  INFO 14120 --- [restartedMain] o.s.b.w.embedded.tomcat.TomcatWebServer  : Tomcat started on port(s): 8081 (http) with context path ''
2023-03-23 11:36:54.800  INFO 14120 --- [restartedMain] c.example.project2.Project2Application   : Started Project2Application in 11.188 seconds (JVM running for 12.047)
2023-03-23 12:10:16.730  INFO 16056 --- [restartedMain] c.example.project2.Project2Application   : Starting Project2Application using Java 1.8.0_45 on LONG with PID 16056 (C:\Users\lehoa\eclipse-workspace\project2\target\classes started by lehoa in C:\Users\lehoa\eclipse-workspace\project2)
2023-03-23 12:10:16.733  INFO 16056 --- [restartedMain] c.example.project2.Project2Application   : No active profile set, falling back to 1 default profile: "default"
2023-03-23 12:10:17.178  INFO 16056 --- [restartedMain] .e.DevToolsPropertyDefaultsPostProcessor : Devtools property defaults active! Set 'spring.devtools.add-properties' to 'false' to disable
2023-03-23 12:10:17.179  INFO 16056 --- [restartedMain] .e.DevToolsPropertyDefaultsPostProcessor : For additional web related logging consider setting the 'logging.level.web' property to 'DEBUG'
2023-03-23 12:10:18.356  INFO 16056 --- [restartedMain] .s.d.r.c.RepositoryConfigurationDelegate : Bootstrapping Spring Data JPA repositories in DEFAULT mode.
2023-03-23 12:10:18.446  INFO 16056 --- [restartedMain] .s.d.r.c.RepositoryConfigurationDelegate : Finished Spring Data repository scanning in 77 ms. Found 6 JPA repository interfaces.
2023-03-23 12:10:20.231  INFO 16056 --- [restartedMain] o.s.b.w.embedded.tomcat.TomcatWebServer  : Tomcat initialized with port(s): 8081 (http)
2023-03-23 12:10:20.253  INFO 16056 --- [restartedMain] o.apache.catalina.core.StandardService   : Starting service [Tomcat]
2023-03-23 12:10:20.254  INFO 16056 --- [restartedMain] org.apache.catalina.core.StandardEngine  : Starting Servlet engine: [Apache Tomcat/9.0.71]
2023-03-23 12:10:20.411  INFO 16056 --- [restartedMain] o.a.c.c.C.[Tomcat].[localhost].[/]       : Initializing Spring embedded WebApplicationContext
2023-03-23 12:10:20.412  INFO 16056 --- [restartedMain] w.s.c.ServletWebServerApplicationContext : Root WebApplicationContext: initialization completed in 3232 ms
2023-03-23 12:10:20.667  INFO 16056 --- [restartedMain] com.zaxxer.hikari.HikariDataSource       : HikariPool-1 - Starting...
2023-03-23 12:10:21.099  INFO 16056 --- [restartedMain] com.zaxxer.hikari.HikariDataSource       : HikariPool-1 - Start completed.
2023-03-23 12:10:21.166  INFO 16056 --- [restartedMain] o.hibernate.jpa.internal.util.LogHelper  : HHH000204: Processing PersistenceUnitInfo [name: default]
2023-03-23 12:10:21.255  INFO 16056 --- [restartedMain] org.hibernate.Version                    : HHH000412: Hibernate ORM core version 5.6.15.Final
2023-03-23 12:10:21.518  INFO 16056 --- [restartedMain] o.hibernate.annotations.common.Version   : HCANN000001: Hibernate Commons Annotations {5.1.2.Final}
2023-03-23 12:10:21.678  INFO 16056 --- [restartedMain] org.hibernate.dialect.Dialect            : HHH000400: Using dialect: org.hibernate.dialect.MySQL8Dialect
2023-03-23 12:10:23.108  INFO 16056 --- [restartedMain] o.h.e.t.j.p.i.JtaPlatformInitiator       : HHH000490: Using JtaPlatform implementation: [org.hibernate.engine.transaction.jta.platform.internal.NoJtaPlatform]
2023-03-23 12:10:23.125  INFO 16056 --- [restartedMain] j.LocalContainerEntityManagerFactoryBean : Initialized JPA EntityManagerFactory for persistence unit 'default'
2023-03-23 12:10:24.675  WARN 16056 --- [restartedMain] JpaBaseConfiguration$JpaWebConfiguration : spring.jpa.open-in-view is enabled by default. Therefore, database queries may be performed during view rendering. Explicitly configure spring.jpa.open-in-view to disable this warning
2023-03-23 12:10:26.094  INFO 16056 --- [restartedMain] o.s.b.d.a.OptionalLiveReloadServer       : LiveReload server is running on port 35729
2023-03-23 12:10:26.143  INFO 16056 --- [restartedMain] o.s.b.w.embedded.tomcat.TomcatWebServer  : Tomcat started on port(s): 8081 (http) with context path ''
2023-03-23 12:10:26.162  INFO 16056 --- [restartedMain] c.example.project2.Project2Application   : Started Project2Application in 10.157 seconds (JVM running for 10.891)
